<?xml version="1.0" encoding="UTF-8"?>
<testsuite xmlns:xsi="http://www.w3.org/2001/XMLSchema-instance" xsi:noNamespaceSchemaLocation="https://maven.apache.org/surefire/maven-surefire-plugin/xsd/surefire-test-report.xsd" version="3.0.2" name="com.product.ProductApplicationTests" time="3.934" tests="1" errors="0" skipped="0" failures="0">
  <properties>
[...]
</properties>
  <testcase name="contextLoads" classname="com.product.ProductApplicationTests" time="0.354">
    <system-out><![CDATA[19:13:59.995 [main] INFO org.springframework.test.context.support.AnnotationConfigContextLoaderUtils -- Could not detect default configuration classes for test class [com.product.ProductApplicationTests]: ProductApplicationTests does not declare any static, non-private, non-final, nested classes annotated with @Configuration.
19:14:00.065 [main] INFO org.springframework.boot.test.context.SpringBootTestContextBootstrapper -- Found @SpringBootConfiguration com.product.ProductApplication for test class com.product.ProductApplicationTests

  .   ____          _            __ _ _
 /\\ / ___'_ __ _ _(_)_ __  __ _ \ \ \ \
( ( )\___ | '_ | '_| | '_ \/ _` | \ \ \ \
 \\/  ___)| |_)| | | | | || (_| |  ) ) ) )
  '  |____| .__|_| |_|_| |_\__, | / / / /
 =========|_|==============|___/=/_/_/_/

 :: Spring Boot ::                (v3.4.5)

2025-04-29T19:14:00.461+05:30  INFO 15581 --- [product] [           main] com.product.ProductApplicationTests      : Starting ProductApplicationTests using Java 21.0.2 with PID 15581 (started by pc in /home/pc/Desktop/Projects/Product)
2025-04-29T19:14:00.462+05:30  INFO 15581 --- [product] [           main] com.product.ProductApplicationTests      : No active profile set, falling back to 1 default profile: "default"
2025-04-29T19:14:00.937+05:30  INFO 15581 --- [product] [           main] .s.d.r.c.RepositoryConfigurationDelegate : Bootstrapping Spring Data JPA repositories in DEFAULT mode.
2025-04-29T19:14:01.019+05:30  INFO 15581 --- [product] [           main] .s.d.r.c.RepositoryConfigurationDelegate : Finished Spring Data repository scanning in 75 ms. Found 1 JPA repository interface.
2025-04-29T19:14:01.146+05:30  INFO 15581 --- [product] [           main] o.s.cloud.context.scope.GenericScope     : BeanFactory id=6e7c0117-cb5f-36bd-8506-dd548366a0da
2025-04-29T19:14:01.339+05:30  INFO 15581 --- [product] [           main] o.hibernate.jpa.internal.util.LogHelper  : HHH000204: Processing PersistenceUnitInfo [name: default]
2025-04-29T19:14:01.381+05:30  INFO 15581 --- [product] [           main] org.hibernate.Version                    : HHH000412: Hibernate ORM core version 6.6.13.Final
2025-04-29T19:14:01.403+05:30  INFO 15581 --- [product] [           main] o.h.c.internal.RegionFactoryInitiator    : HHH000026: Second-level cache disabled
2025-04-29T19:14:01.551+05:30  INFO 15581 --- [product] [           main] o.s.o.j.p.SpringPersistenceUnitInfo      : No LoadTimeWeaver setup: ignoring JPA class transformer
2025-04-29T19:14:01.569+05:30  INFO 15581 --- [product] [           main] com.zaxxer.hikari.HikariDataSource       : HikariPool-1 - Starting...
2025-04-29T19:14:01.780+05:30  INFO 15581 --- [product] [           main] com.zaxxer.hikari.pool.HikariPool        : HikariPool-1 - Added connection com.mysql.cj.jdbc.ConnectionImpl@66314fee
2025-04-29T19:14:01.782+05:30  INFO 15581 --- [product] [           main] com.zaxxer.hikari.HikariDataSource       : HikariPool-1 - Start completed.
2025-04-29T19:14:01.829+05:30  INFO 15581 --- [product] [           main] org.hibernate.orm.connections.pooling    : HHH10001005: Database info:
	Database JDBC URL [Connecting through datasource 'HikariDataSource (HikariPool-1)']
	Database driver: undefined/unknown
	Database version: 8.0.41
	Autocommit mode: undefined/unknown
	Isolation level: undefined/unknown
	Minimum pool size: undefined/unknown
	Maximum pool size: undefined/unknown
2025-04-29T19:14:02.323+05:30  INFO 15581 --- [product] [           main] o.h.e.t.j.p.i.JtaPlatformInitiator       : HHH000489: No JTA platform available (set 'hibernate.transaction.jta.platform' to enable JTA platform integration)
2025-04-29T19:14:02.353+05:30  INFO 15581 --- [product] [           main] j.LocalContainerEntityManagerFactoryBean : Initialized JPA EntityManagerFactory for persistence unit 'default'
2025-04-29T19:14:02.717+05:30  WARN 15581 --- [product] [           main] JpaBaseConfiguration$JpaWebConfiguration : spring.jpa.open-in-view is enabled by default. Therefore, database queries may be performed during view rendering. Explicitly configure spring.jpa.open-in-view to disable this warning
2025-04-29T19:14:03.113+05:30  INFO 15581 --- [product] [           main] DiscoveryClientOptionalArgsConfiguration : Eureka HTTP Client uses RestTemplate.
2025-04-29T19:14:03.155+05:30  WARN 15581 --- [product] [           main] iguration$LoadBalancerCaffeineWarnLogger : Spring Cloud LoadBalancer is currently working with the default cache. While this cache implementation is useful for development and tests, it's recommended to use Caffeine cache in production.You can switch to using Caffeine cache, by adding it and org.springframework.cache.caffeine.CaffeineCacheManager to the classpath.
2025-04-29T19:14:03.197+05:30  INFO 15581 --- [product] [           main] o.s.c.n.eureka.InstanceInfoFactory       : Setting initial instance status as: STARTING
2025-04-29T19:14:03.213+05:30  INFO 15581 --- [product] [           main] com.netflix.discovery.DiscoveryClient    : Initializing Eureka in region us-east-1
2025-04-29T19:14:03.215+05:30  INFO 15581 --- [product] [           main] c.n.d.s.r.aws.ConfigClusterResolver      : Resolving eureka endpoints via configuration
2025-04-29T19:14:03.220+05:30  INFO 15581 --- [product] [           main] com.netflix.discovery.DiscoveryClient    : Disable delta property : false
2025-04-29T19:14:03.220+05:30  INFO 15581 --- [product] [           main] com.netflix.discovery.DiscoveryClient    : Single vip registry refresh property : null
2025-04-29T19:14:03.220+05:30  INFO 15581 --- [product] [           main] com.netflix.discovery.DiscoveryClient    : Force full registry fetch : false
2025-04-29T19:14:03.220+05:30  INFO 15581 --- [product] [           main] com.netflix.discovery.DiscoveryClient    : Application is null : false
2025-04-29T19:14:03.220+05:30  INFO 15581 --- [product] [           main] com.netflix.discovery.DiscoveryClient    : Registered Applications size is zero : true
2025-04-29T19:14:03.220+05:30  INFO 15581 --- [product] [           main] com.netflix.discovery.DiscoveryClient    : Application version is -1: true
2025-04-29T19:14:03.220+05:30  INFO 15581 --- [product] [           main] com.netflix.discovery.DiscoveryClient    : Getting all instance registry info from the eureka server
2025-04-29T19:14:03.452+05:30  INFO 15581 --- [product] [           main] com.netflix.discovery.DiscoveryClient    : The response status is 200
2025-04-29T19:14:03.453+05:30  INFO 15581 --- [product] [           main] com.netflix.discovery.DiscoveryClient    : Starting heartbeat executor: renew interval is: 30
2025-04-29T19:14:03.455+05:30  INFO 15581 --- [product] [           main] c.n.discovery.InstanceInfoReplicator     : InstanceInfoReplicator onDemand update allowed rate per min is 4
2025-04-29T19:14:03.456+05:30  INFO 15581 --- [product] [           main] com.netflix.discovery.DiscoveryClient    : Discovery Client initialized at timestamp 1745934243455 with initial instances count: 2
2025-04-29T19:14:03.461+05:30  INFO 15581 --- [product] [           main] o.s.c.n.e.s.EurekaServiceRegistry        : Registering application PRODUCT with eureka with status UP
2025-04-29T19:14:03.462+05:30  INFO 15581 --- [product] [           main] com.netflix.discovery.DiscoveryClient    : Saw local status change event StatusChangeEvent [timestamp=1745934243462, current=UP, previous=STARTING]
2025-04-29T19:14:03.463+05:30  INFO 15581 --- [product] [foReplicator-%d] com.netflix.discovery.DiscoveryClient    : DiscoveryClient_PRODUCT/192.168.0.117:product:8083: registering service...
2025-04-29T19:14:03.470+05:30  INFO 15581 --- [product] [           main] com.product.ProductApplicationTests      : Started ProductApplicationTests in 3.195 seconds (process running for 3.925)
2025-04-29T19:14:03.494+05:30  INFO 15581 --- [product] [foReplicator-%d] com.netflix.discovery.DiscoveryClient    : DiscoveryClient_PRODUCT/192.168.0.117:product:8083 - registration status: 204
]]></system-out>
    <system-err><![CDATA[Mockito is currently self-attaching to enable the inline-mock-maker. This will no longer work in future releases of the JDK. Please add Mockito as an agent to your build what is described in Mockito's documentation: https://javadoc.io/doc/org.mockito/mockito-core/latest/org/mockito/Mockito.html#0.3
WARNING: A Java agent has been loaded dynamically (/home/pc/.m2/repository/net/bytebuddy/byte-buddy-agent/1.15.11/byte-buddy-agent-1.15.11.jar)
WARNING: If a serviceability tool is in use, please run with -XX:+EnableDynamicAgentLoading to hide this warning
WARNING: If a serviceability tool is not in use, please run with -Djdk.instrument.traceUsage for more information
WARNING: Dynamic loading of agents will be disallowed by default in a future release
]]></system-err>
  </testcase>
</testsuite>